#
# There is insufficient memory for the Java Runtime Environment to continue.
# Native memory allocation (mmap) failed to map 67108864 bytes for G1 virtual space
# Possible reasons:
#   The system is out of physical RAM or swap space
#   The process is running with CompressedOops enabled, and the Java Heap may be blocking the growth of the native heap
# Possible solutions:
#   Reduce memory load on the system
#   Increase physical memory or swap space
#   Check if swap backing store is full
#   Decrease Java heap size (-Xmx/-Xms)
#   Decrease number of Java threads
#   Decrease Java thread stack sizes (-Xss)
#   Set larger code cache with -XX:ReservedCodeCacheSize=
#   JVM is running with Unscaled Compressed Oops mode in which the Java heap is
#     placed in the first 4GB address space. The Java Heap base address is the
#     maximum limit for the native heap growth. Please use -XX:HeapBaseMinAddress
#     to set the Java Heap base and to place the Java Heap above 4GB virtual address.
# This output file may be truncated or incomplete.
#
#  Out of Memory Error (os_windows.cpp:3527), pid=13896, tid=18800
#
# JRE version:  (19.0.1+10) (build )
# Java VM: Java HotSpot(TM) 64-Bit Server VM (19.0.1+10-21, mixed mode, sharing, tiered, compressed oops, compressed class ptrs, g1 gc, windows-amd64)
# No core dump will be written. Minidumps are not enabled by default on client versions of Windows
#

---------------  S U M M A R Y ------------

Command Line: -Xmx64m -Xms64m -Dorg.gradle.appname=gradlew org.gradle.wrapper.GradleWrapperMain app:installDebug -PreactNativeDevServerPort=8081

Host: Intel(R) Core(TM) i7-8550U CPU @ 1.80GHz, 8 cores, 15G,  Windows 11 , 64 bit Build 22621 (10.0.22621.1037)
Time: Sat Jan 14 03:38:00 2023 SE Asia Standard Time elapsed time: 0.064849 seconds (0d 0h 0m 0s)

---------------  T H R E A D  ---------------

Current thread (0x000002b3219353f0):  JavaThread "Unknown thread" [_thread_in_vm, id=18800, stack(0x000000c42c200000,0x000000c42c300000)]

Stack: [0x000000c42c200000,0x000000c42c300000]
Native frames: (J=compiled Java code, j=interpreted, Vv=VM code, C=native code)
V  [jvm.dll+0x6ee8fa]
V  [jvm.dll+0x857a1e]
V  [jvm.dll+0x85940e]
V  [jvm.dll+0x859ac3]
V  [jvm.dll+0x28291f]
V  [jvm.dll+0x6eb6e9]
V  [jvm.dll+0x6e028a]
V  [jvm.dll+0x357136]
V  [jvm.dll+0x35eb96]
V  [jvm.dll+0x3b555e]
V  [jvm.dll+0x3b578f]
V  [jvm.dll+0x32c6ea]
V  [jvm.dll+0x32d59e]
V  [jvm.dll+0x821b20]
V  [jvm.dll+0x3c27c1]
V  [jvm.dll+0x8022f1]
V  [jvm.dll+0x44b30f]
V  [jvm.dll+0x44cc91]
C  [jli.dll+0x5287]
C  [ucrtbase.dll+0x29363]
C  [KERNEL32.DLL+0x126bd]
C  [ntdll.dll+0x5dfb8]


---------------  P R O C E S S  ---------------

Threads class SMR info:
_java_thread_list=0x00007fffa28ed048, length=0, elements={
}

Java Threads: ( => current thread )

Other Threads:
  0x000002b3219599e0 WorkerThread "GC Thread#0" [stack: 0x000000c42c300000,0x000000c42c400000] [id=10220]
  0x000002b32195b140 ConcurrentGCThread "G1 Main Marker" [stack: 0x000000c42c400000,0x000000c42c500000] [id=1664]
  0x000002b32195bb70 WorkerThread "G1 Conc#0" [stack: 0x000000c42c500000,0x000000c42c600000] [id=16988]

[error occurred during error reporting (printing all threads), id 0xc0000005, EXCEPTION_ACCESS_VIOLATION (0xc0000005) at pc=0x00007fffa20ad127]

VM state: not at safepoint (not fully initialized)

VM Mutex/Monitor currently owned by a thread:  ([mutex/lock_event])
[0x000002b32192ffa0] Heap_lock - owner thread: 0x000002b3219353f0

Heap address: 0x00000000fc000000, size: 64 MB, Compressed Oops mode: 32-bit

CDS archive(s) mapped at: [0x0000000000000000-0x0000000000000000-0x0000000000000000), size 0, SharedBaseAddress: 0x0000000800000000, ArchiveRelocationMode: 0.
Narrow klass base: 0x0000000000000000, Narrow klass shift: 0, Narrow klass range: 0x0

GC Precious Log:
 CardTable entry size: 512
 Card Set container configuration: InlinePtr #cards 5 size 8 Array Of Cards #cards 12 size 40 Howl #buckets 4 coarsen threshold 1843 Howl Bitmap #cards 512 size 80 coarsen threshold 460 Card regions per heap region 1 cards per card region 2048

Heap:
 garbage-first heap   total 0K, used 0K [0x00000000fc000000, 0x0000000100000000)
  region size 1024K, 0 young (0K), 0 survivors (0K)

[error occurred during error reporting (printing heap information), id 0xc0000005, EXCEPTION_ACCESS_VIOLATION (0xc0000005) at pc=0x00007fffa24b6959]

GC Heap History (0 events):
No events

Dll operation events (1 events):
Event: 0.039 Loaded shared library C:\Program Files\Java\jdk-19\bin\java.dll

Deoptimization events (0 events):
No events

Classes loaded (0 events):
No events

Classes unloaded (0 events):
No events

Classes redefined (0 events):
No events

Internal exceptions (0 events):
No events

VM Operations (0 events):
No events

Events (0 events):
No events


Dynamic libraries:
0x00007ff63b480000 - 0x00007ff63b490000 	C:\Program Files\Java\jdk-19\bin\java.exe
0x00007ff81ff30000 - 0x00007ff820144000 	C:\WINDOWS\SYSTEM32\ntdll.dll
0x00007ffffcde0000 - 0x00007ffffcdf7000 	C:\Program Files\Avast Software\Avast\aswhook.dll
0x00007ff81ed90000 - 0x00007ff81ee53000 	C:\WINDOWS\System32\KERNEL32.DLL
0x00007ff81d7c0000 - 0x00007ff81db5d000 	C:\WINDOWS\System32\KERNELBASE.dll
0x00007ff81d410000 - 0x00007ff81d521000 	C:\WINDOWS\System32\ucrtbase.dll
0x00007fffbff10000 - 0x00007fffbff2b000 	C:\Program Files\Java\jdk-19\bin\VCRUNTIME140.dll
0x00007fffc1570000 - 0x00007fffc1588000 	C:\Program Files\Java\jdk-19\bin\jli.dll
0x00007ff81f050000 - 0x00007ff81f0fe000 	C:\WINDOWS\System32\ADVAPI32.dll
0x00007ff81fe40000 - 0x00007ff81fee7000 	C:\WINDOWS\System32\msvcrt.dll
0x00007ff81f470000 - 0x00007ff81f514000 	C:\WINDOWS\System32\sechost.dll
0x00007ff81fd20000 - 0x00007ff81fe35000 	C:\WINDOWS\System32\RPCRT4.dll
0x00007ff81dd20000 - 0x00007ff81decd000 	C:\WINDOWS\System32\USER32.dll
0x00007ff81d620000 - 0x00007ff81d646000 	C:\WINDOWS\System32\win32u.dll
0x00007ff804b60000 - 0x00007ff804dee000 	C:\WINDOWS\WinSxS\amd64_microsoft.windows.common-controls_6595b64144ccf1df_6.0.22621.436_none_a94247dbc10d8414\COMCTL32.dll
0x00007ff81ed60000 - 0x00007ff81ed89000 	C:\WINDOWS\System32\GDI32.dll
0x00007ff81db60000 - 0x00007ff81dc72000 	C:\WINDOWS\System32\gdi32full.dll
0x00007ff81dc80000 - 0x00007ff81dd1a000 	C:\WINDOWS\System32\msvcp_win.dll
0x00007ff815550000 - 0x00007ff81555a000 	C:\WINDOWS\SYSTEM32\VERSION.dll
0x00007ff81e3d0000 - 0x00007ff81e402000 	C:\WINDOWS\System32\IMM32.DLL
0x00007ffff8970000 - 0x00007ffff897c000 	C:\Program Files\Java\jdk-19\bin\vcruntime140_1.dll
0x00007fffa2a30000 - 0x00007fffa2abe000 	C:\Program Files\Java\jdk-19\bin\msvcp140.dll
0x00007fffa1d70000 - 0x00007fffa2a30000 	C:\Program Files\Java\jdk-19\bin\server\jvm.dll
0x00007ff806f50000 - 0x00007ff806f59000 	C:\WINDOWS\SYSTEM32\WSOCK32.dll
0x00007ff81ee70000 - 0x00007ff81eee1000 	C:\WINDOWS\System32\WS2_32.dll
0x00007ff808f40000 - 0x00007ff808f74000 	C:\WINDOWS\SYSTEM32\WINMM.dll
0x00007ff81c3b0000 - 0x00007ff81c3c8000 	C:\WINDOWS\SYSTEM32\kernel.appcore.dll
0x00007ffff2790000 - 0x00007ffff279a000 	C:\Program Files\Java\jdk-19\bin\jimage.dll
0x00007ff81ad40000 - 0x00007ff81af6e000 	C:\WINDOWS\SYSTEM32\DBGHELP.DLL
0x00007ff81f990000 - 0x00007ff81fd1a000 	C:\WINDOWS\System32\combase.dll
0x00007ff81eef0000 - 0x00007ff81efc7000 	C:\WINDOWS\System32\OLEAUT32.dll
0x00007ff80ee00000 - 0x00007ff80ee32000 	C:\WINDOWS\SYSTEM32\dbgcore.DLL
0x00007ff81d530000 - 0x00007ff81d5ab000 	C:\WINDOWS\System32\bcryptPrimitives.dll
0x00007fffbb440000 - 0x00007fffbb466000 	C:\Program Files\Java\jdk-19\bin\java.dll

dbghelp: loaded successfully - version: 4.0.5 - missing functions: none
symbol engine: initialized successfully - sym options: 0x614 - pdb path: .;C:\Program Files\Java\jdk-19\bin;C:\WINDOWS\SYSTEM32;C:\Program Files\Avast Software\Avast;C:\WINDOWS\WinSxS\amd64_microsoft.windows.common-controls_6595b64144ccf1df_6.0.22621.436_none_a94247dbc10d8414;C:\Program Files\Java\jdk-19\bin\server

VM Arguments:
jvm_args: -Xmx64m -Xms64m -Dorg.gradle.appname=gradlew 
java_command: org.gradle.wrapper.GradleWrapperMain app:installDebug -PreactNativeDevServerPort=8081
java_class_path (initial): D:\Android Studio\reactnative\MewTubes\TODO\android-todoapp\android\\gradle\wrapper\gradle-wrapper.jar
Launcher Type: SUN_STANDARD

[Global flags]
     intx CICompilerCount                          = 4                                         {product} {ergonomic}
     uint ConcGCThreads                            = 2                                         {product} {ergonomic}
     uint G1ConcRefinementThreads                  = 8                                         {product} {ergonomic}
   size_t G1HeapRegionSize                         = 1048576                                   {product} {ergonomic}
    uintx GCDrainStackTargetSize                   = 64                                        {product} {ergonomic}
   size_t InitialHeapSize                          = 67108864                                  {product} {command line}
   size_t MarkStackSize                            = 4194304                                   {product} {ergonomic}
   size_t MaxHeapSize                              = 67108864                                  {product} {command line}
   size_t MinHeapDeltaBytes                        = 1048576                                   {product} {ergonomic}
   size_t MinHeapSize                              = 67108864                                  {product} {command line}
    uintx NonNMethodCodeHeapSize                   = 5839372                                {pd product} {ergonomic}
    uintx NonProfiledCodeHeapSize                  = 122909434                              {pd product} {ergonomic}
    uintx ProfiledCodeHeapSize                     = 122909434                              {pd product} {ergonomic}
    uintx ReservedCodeCacheSize                    = 251658240                              {pd product} {ergonomic}
     bool SegmentedCodeCache                       = true                                      {product} {ergonomic}
   size_t SoftMaxHeapSize                          = 67108864                               {manageable} {ergonomic}
     bool UseCompressedClassPointers               = true                           {product lp64_product} {ergonomic}
     bool UseCompressedOops                        = true                           {product lp64_product} {ergonomic}
     bool UseG1GC                                  = true                                      {product} {ergonomic}
     bool UseLargePagesIndividualAllocation        = false                                  {pd product} {ergonomic}

Logging:
Log output configuration:
 #0: stdout all=warning uptime,level,tags foldmultilines=false
 #1: stderr all=off uptime,level,tags foldmultilines=false

Environment Variables:
JAVA_HOME=C:\Program Files\Java\jdk-19
CLASSPATH=D:\Android Studio\reactnative\MewTubes\TODO\android-todoapp\android\\gradle\wrapper\gradle-wrapper.jar
PATH=D:\Android Studio\reactnative\MewTubes\TODO\android-todoapp\android\node_modules\.bin;D:\Android Studio\reactnative\MewTubes\TODO\android-todoapp\node_modules\.bin;D:\Android Studio\reactnative\MewTubes\TODO\node_modules\.bin;D:\Android Studio\reactnative\MewTubes\node_modules\.bin;D:\Android Studio\reactnative\node_modules\.bin;D:\Android Studio\node_modules\.bin;D:\node_modules\.bin;C:\Program Files\nodejs;D:\Android Studio\reactnative\MewTubes\TODO\android-todoapp\node_modules\.bin;D:\Android Studio\reactnative\MewTubes\TODO\android-todoapp\node_modules\.bin;D:\Android Studio\reactnative\MewTubes\TODO\node_modules\.bin;D:\Android Studio\reactnative\MewTubes\node_modules\.bin;D:\Android Studio\reactnative\node_modules\.bin;D:\Android Studio\node_modules\.bin;D:\node_modules\.bin;C:\Users\Anas Satria\AppData\Roaming\npm\node_modules\npm\node_modules\@npmcli\run-script\lib\node-gyp-bin;C:\php-7.4.15;C:\Python310\;C:\Program Files\Common Files\Oracle\Java\javapath;C:\WINDOWS\system32;C:\WINDOWS;C:\WINDOWS\System32\Wbem;C:\WINDOWS\System32\WindowsPowerShell\v1.0\;C:\WINDOWS\System32\OpenSSH\;C:\Program Files (x86)\NVIDIA Corporation\PhysX\Common;C:\WINDOWS\system32;C:\WINDOWS;C:\WINDOWS\System32\Wbem;C:\WINDOWS\System32\WindowsPowerShell\v1.0\;C:\WINDOWS\System32\OpenSSH\;C:\opencv\opencv;C:\Program Files\dotnet\;C:\Program Files\swipl\bin;D:\Stuff\gradle-7.5\bin;C:\Program Files\Go\bin;C:\Program Files\nodejs\;C:\ProgramData\chocolatey\bin;D:\SDK\platform-tools;C:\Program Files\Java\jdk-19;D:\SDK\build-tools;C:\Program Files\Git\cmd;C:\Users\Anas Satria\AppData\Local\Microsoft\WindowsApps;C:\Users\Anas Satria\AppData\Local\Programs\Microsoft VS Code\bin;C:\Program Files\JetBrains\IntelliJ IDEA Community Edition 2022.1.3\bin;C:\Users\Anas Satria\go\bin;C:\Users\Anas Satria\AppData\Roaming\npm;C:\Users\Anas Satria\AppData\Local\GitHubDesktop\bin
USERNAME=Anas Satria
OS=Windows_NT
PROCESSOR_IDENTIFIER=Intel64 Family 6 Model 142 Stepping 10, GenuineIntel
TMP=C:\Users\ANASSA~1\AppData\Local\Temp
TEMP=C:\Users\ANASSA~1\AppData\Local\Temp



---------------  S Y S T E M  ---------------

OS:
 Windows 11 , 64 bit Build 22621 (10.0.22621.1037)
OS uptime: 0 days 2:47 hours

CPU: total 8 (initial active 8) (4 cores per cpu, 2 threads per core) family 6 model 142 stepping 10 microcode 0xe0, cx8, cmov, fxsr, ht, mmx, 3dnowpref, sse, sse2, sse3, ssse3, sse4.1, sse4.2, popcnt, lzcnt, tsc, tscinvbit, avx, avx2, aes, erms, clmul, bmi1, bmi2, adx, fma, vzeroupper, clflush, clflushopt, rdtscp

Memory: 4k page, system-wide physical 16288M (4941M free)
TotalPageFile size 21460M (AvailPageFile size 63M)
current process WorkingSet (physical memory assigned to process): 11M, peak: 11M
current process commit charge ("private bytes"): 60M, peak: 123M

vm_info: Java HotSpot(TM) 64-Bit Server VM (19.0.1+10-21) for windows-amd64 JRE (19.0.1+10-21), built on 2022-09-14T12:45:06Z by "mach5one" with MS VC++ 17.1 (VS2022)

END.
